2025-10-21 15:24:09,969 - Namespace(data_dir='./data/', output_dir='output/', data_name='LastFM', do_eval=False, load_model=None, train_name='lowarec_LastFM_res', num_items=10, num_users=1091, all_sequence_output=0, lr=0.001, batch_size=256, epochs=200, no_cuda=False, log_freq=1, patience=10, num_workers=4, seed=42, weight_decay=0.0, adam_beta1=0.9, adam_beta2=0.999, gpu_id='0', variance=5, model_type='lowarec', max_seq_length=50, hidden_size=64, num_hidden_layers=2, hidden_act='gelu', num_attention_heads=4, attention_probs_dropout_prob=0.5, hidden_dropout_prob=0.5, initializer_range=0.02, proj_n_heads=4, proj_dropout=0.5, c=3, alpha=0.7, dim_proj=8, cuda_condition=True, data_file='./data/LastFM.txt', item_size=3647, checkpoint_path='output/lowarec_LastFM_res.pt', same_target_path='./data/LastFM_same_target.npy')
2025-10-21 15:24:09,985 - LoWARec(
  (item_embeddings): Embedding(3647, 64, padding_idx=0)
  (position_embeddings): Embedding(50, 64)
  (LayerNorm): LayerNorm((64,), eps=1e-12, elementwise_affine=True)
  (dropout): Dropout(p=0.5, inplace=False)
  (item_encoder): LoWARecEncoder(
    (blocks): ModuleList(
      (0-1): 2 x LoWARecBlock(
        (layer): LoWARecLayer(
          (filter_layer): FourierWaveletFusionLayer(
            (out_dropout): Dropout(p=0.5, inplace=False)
            (LayerNorm): LayerNorm((64,), eps=1e-12, elementwise_affine=True)
            (alpha_act): Sigmoid()
            (wavelet_conv): Conv1d(64, 64, kernel_size=(3,), stride=(1,), padding=(1,), groups=64, bias=False)
          )
          (projected_layer): DualStageAttention(
            (out_attn): AttentionLayer(
              (FC_Q): Linear(in_features=64, out_features=64, bias=True)
              (FC_K): Linear(in_features=64, out_features=64, bias=True)
              (FC_V): Linear(in_features=64, out_features=64, bias=True)
              (out_proj): Linear(in_features=64, out_features=64, bias=True)
            )
            (in_attn): AttentionLayer(
              (FC_Q): Linear(in_features=64, out_features=64, bias=True)
              (FC_K): Linear(in_features=64, out_features=64, bias=True)
              (FC_V): Linear(in_features=64, out_features=64, bias=True)
              (out_proj): Linear(in_features=64, out_features=64, bias=True)
            )
            (dropout): Dropout(p=0.5, inplace=False)
            (norm1): LayerNorm((64,), eps=1e-05, elementwise_affine=True)
            (norm2): LayerNorm((64,), eps=1e-05, elementwise_affine=True)
            (MLP): Sequential(
              (0): Linear(in_features=64, out_features=256, bias=True)
              (1): GELU(approximate='none')
              (2): Linear(in_features=256, out_features=64, bias=True)
            )
          )
        )
        (feed_forward): FeedForward(
          (dense_1): Linear(in_features=64, out_features=256, bias=True)
          (dense_2): Linear(in_features=256, out_features=64, bias=True)
          (LayerNorm): LayerNorm()
          (dropout): Dropout(p=0.5, inplace=False)
        )
      )
    )
  )
)
2025-10-21 15:24:10,729 - Total Parameters: 438082
2025-10-21 15:24:17,233 - {'epoch': 0, 'rec_loss': '7.9373'}
2025-10-21 15:24:17,684 - {'Epoch': 0, 'HR@5': '0.0211', 'NDCG@5': '0.0143', 'HR@10': '0.0394', 'NDCG@10': '0.0201', 'HR@20': '0.0578', 'NDCG@20': '0.0247'}
2025-10-21 15:24:17,685 - Validation score increased.  Saving model ...
2025-10-21 15:24:22,861 - {'epoch': 1, 'rec_loss': '7.5965'}
2025-10-21 15:24:23,297 - {'Epoch': 1, 'HR@5': '0.0275', 'NDCG@5': '0.0148', 'HR@10': '0.0523', 'NDCG@10': '0.0227', 'HR@20': '0.0743', 'NDCG@20': '0.0280'}
2025-10-21 15:24:23,298 - Validation score increased.  Saving model ...
2025-10-21 15:24:27,952 - {'epoch': 2, 'rec_loss': '7.3300'}
2025-10-21 15:24:28,423 - {'Epoch': 2, 'HR@5': '0.0349', 'NDCG@5': '0.0231', 'HR@10': '0.0532', 'NDCG@10': '0.0291', 'HR@20': '0.0844', 'NDCG@20': '0.0369'}
2025-10-21 15:24:28,425 - Validation score increased.  Saving model ...
2025-10-21 15:24:33,639 - {'epoch': 3, 'rec_loss': '7.0456'}
2025-10-21 15:24:34,086 - {'Epoch': 3, 'HR@5': '0.0358', 'NDCG@5': '0.0232', 'HR@10': '0.0596', 'NDCG@10': '0.0309', 'HR@20': '0.0963', 'NDCG@20': '0.0400'}
2025-10-21 15:24:34,087 - Validation score increased.  Saving model ...
2025-10-21 15:24:39,083 - {'epoch': 4, 'rec_loss': '6.7866'}
2025-10-21 15:24:39,514 - {'Epoch': 4, 'HR@5': '0.0459', 'NDCG@5': '0.0271', 'HR@10': '0.0743', 'NDCG@10': '0.0364', 'HR@20': '0.1092', 'NDCG@20': '0.0452'}
2025-10-21 15:24:39,515 - Validation score increased.  Saving model ...
2025-10-21 15:24:44,560 - {'epoch': 5, 'rec_loss': '6.5614'}
2025-10-21 15:24:44,978 - {'Epoch': 5, 'HR@5': '0.0514', 'NDCG@5': '0.0313', 'HR@10': '0.0835', 'NDCG@10': '0.0417', 'HR@20': '0.1229', 'NDCG@20': '0.0515'}
2025-10-21 15:24:44,980 - Validation score increased.  Saving model ...
2025-10-21 15:24:49,892 - {'epoch': 6, 'rec_loss': '6.3545'}
2025-10-21 15:24:50,297 - {'Epoch': 6, 'HR@5': '0.0569', 'NDCG@5': '0.0330', 'HR@10': '0.0853', 'NDCG@10': '0.0422', 'HR@20': '0.1220', 'NDCG@20': '0.0515'}
2025-10-21 15:24:50,298 - Validation score increased.  Saving model ...
2025-10-21 15:24:54,904 - {'epoch': 7, 'rec_loss': '6.1691'}
2025-10-21 15:24:55,301 - {'Epoch': 7, 'HR@5': '0.0596', 'NDCG@5': '0.0362', 'HR@10': '0.0890', 'NDCG@10': '0.0457', 'HR@20': '0.1321', 'NDCG@20': '0.0566'}
2025-10-21 15:24:55,302 - Validation score increased.  Saving model ...
2025-10-21 15:25:00,394 - {'epoch': 8, 'rec_loss': '6.0124'}
2025-10-21 15:25:00,818 - {'Epoch': 8, 'HR@5': '0.0569', 'NDCG@5': '0.0375', 'HR@10': '0.0927', 'NDCG@10': '0.0493', 'HR@20': '0.1477', 'NDCG@20': '0.0629'}
2025-10-21 15:25:00,819 - Validation score increased.  Saving model ...
2025-10-21 15:25:05,628 - {'epoch': 9, 'rec_loss': '5.8681'}
2025-10-21 15:25:06,084 - {'Epoch': 9, 'HR@5': '0.0651', 'NDCG@5': '0.0414', 'HR@10': '0.0954', 'NDCG@10': '0.0511', 'HR@20': '0.1358', 'NDCG@20': '0.0612'}
2025-10-21 15:25:06,086 - EarlyStopping counter: 1 out of 10
2025-10-21 15:25:10,901 - {'epoch': 10, 'rec_loss': '5.7449'}
2025-10-21 15:25:11,353 - {'Epoch': 10, 'HR@5': '0.0651', 'NDCG@5': '0.0418', 'HR@10': '0.0982', 'NDCG@10': '0.0526', 'HR@20': '0.1431', 'NDCG@20': '0.0637'}
2025-10-21 15:25:11,355 - Validation score increased.  Saving model ...
2025-10-21 15:25:15,720 - {'epoch': 11, 'rec_loss': '5.6356'}
2025-10-21 15:25:16,135 - {'Epoch': 11, 'HR@5': '0.0596', 'NDCG@5': '0.0367', 'HR@10': '0.0991', 'NDCG@10': '0.0493', 'HR@20': '0.1523', 'NDCG@20': '0.0627'}
2025-10-21 15:25:16,136 - EarlyStopping counter: 1 out of 10
2025-10-21 15:25:21,511 - {'epoch': 12, 'rec_loss': '5.5526'}
2025-10-21 15:25:21,945 - {'Epoch': 12, 'HR@5': '0.0587', 'NDCG@5': '0.0367', 'HR@10': '0.0945', 'NDCG@10': '0.0482', 'HR@20': '0.1486', 'NDCG@20': '0.0619'}
2025-10-21 15:25:21,946 - EarlyStopping counter: 2 out of 10
2025-10-21 15:25:26,857 - {'epoch': 13, 'rec_loss': '5.4590'}
2025-10-21 15:25:27,321 - {'Epoch': 13, 'HR@5': '0.0615', 'NDCG@5': '0.0381', 'HR@10': '0.1018', 'NDCG@10': '0.0508', 'HR@20': '0.1450', 'NDCG@20': '0.0616'}
2025-10-21 15:25:27,322 - EarlyStopping counter: 3 out of 10
2025-10-21 15:25:32,061 - {'epoch': 14, 'rec_loss': '5.3991'}
2025-10-21 15:25:32,479 - {'Epoch': 14, 'HR@5': '0.0688', 'NDCG@5': '0.0432', 'HR@10': '0.1046', 'NDCG@10': '0.0545', 'HR@20': '0.1523', 'NDCG@20': '0.0665'}
2025-10-21 15:25:32,480 - Validation score increased.  Saving model ...
2025-10-21 15:25:37,562 - {'epoch': 15, 'rec_loss': '5.3356'}
2025-10-21 15:25:37,979 - {'Epoch': 15, 'HR@5': '0.0606', 'NDCG@5': '0.0412', 'HR@10': '0.1018', 'NDCG@10': '0.0545', 'HR@20': '0.1477', 'NDCG@20': '0.0659'}
2025-10-21 15:25:37,980 - EarlyStopping counter: 1 out of 10
2025-10-21 15:25:43,020 - {'epoch': 16, 'rec_loss': '5.2943'}
2025-10-21 15:25:43,459 - {'Epoch': 16, 'HR@5': '0.0624', 'NDCG@5': '0.0423', 'HR@10': '0.0954', 'NDCG@10': '0.0530', 'HR@20': '0.1514', 'NDCG@20': '0.0671'}
2025-10-21 15:25:43,461 - Validation score increased.  Saving model ...
2025-10-21 15:25:48,371 - {'epoch': 17, 'rec_loss': '5.2505'}
2025-10-21 15:25:48,817 - {'Epoch': 17, 'HR@5': '0.0688', 'NDCG@5': '0.0444', 'HR@10': '0.0954', 'NDCG@10': '0.0530', 'HR@20': '0.1477', 'NDCG@20': '0.0663'}
2025-10-21 15:25:48,818 - EarlyStopping counter: 1 out of 10
2025-10-21 15:25:54,048 - {'epoch': 18, 'rec_loss': '5.2098'}
2025-10-21 15:25:54,442 - {'Epoch': 18, 'HR@5': '0.0606', 'NDCG@5': '0.0402', 'HR@10': '0.0991', 'NDCG@10': '0.0526', 'HR@20': '0.1440', 'NDCG@20': '0.0640'}
2025-10-21 15:25:54,443 - EarlyStopping counter: 2 out of 10
2025-10-21 15:25:59,047 - {'epoch': 19, 'rec_loss': '5.1757'}
2025-10-21 15:25:59,466 - {'Epoch': 19, 'HR@5': '0.0651', 'NDCG@5': '0.0424', 'HR@10': '0.1009', 'NDCG@10': '0.0539', 'HR@20': '0.1541', 'NDCG@20': '0.0672'}
2025-10-21 15:25:59,467 - Validation score increased.  Saving model ...
2025-10-21 15:26:04,692 - {'epoch': 20, 'rec_loss': '5.1416'}
2025-10-21 15:26:05,104 - {'Epoch': 20, 'HR@5': '0.0642', 'NDCG@5': '0.0444', 'HR@10': '0.1018', 'NDCG@10': '0.0564', 'HR@20': '0.1541', 'NDCG@20': '0.0695'}
2025-10-21 15:26:05,106 - Validation score increased.  Saving model ...
2025-10-21 15:26:10,306 - {'epoch': 21, 'rec_loss': '5.1013'}
2025-10-21 15:26:10,702 - {'Epoch': 21, 'HR@5': '0.0670', 'NDCG@5': '0.0451', 'HR@10': '0.1073', 'NDCG@10': '0.0582', 'HR@20': '0.1523', 'NDCG@20': '0.0695'}
2025-10-21 15:26:10,703 - Validation score increased.  Saving model ...
2025-10-21 15:26:15,546 - {'epoch': 22, 'rec_loss': '5.0917'}
2025-10-21 15:26:15,958 - {'Epoch': 22, 'HR@5': '0.0615', 'NDCG@5': '0.0417', 'HR@10': '0.1073', 'NDCG@10': '0.0562', 'HR@20': '0.1596', 'NDCG@20': '0.0695'}
2025-10-21 15:26:15,959 - EarlyStopping counter: 1 out of 10
2025-10-21 15:26:21,033 - {'epoch': 23, 'rec_loss': '5.0540'}
2025-10-21 15:26:21,438 - {'Epoch': 23, 'HR@5': '0.0688', 'NDCG@5': '0.0475', 'HR@10': '0.0963', 'NDCG@10': '0.0564', 'HR@20': '0.1514', 'NDCG@20': '0.0704'}
2025-10-21 15:26:21,439 - Validation score increased.  Saving model ...
2025-10-21 15:26:26,679 - {'epoch': 24, 'rec_loss': '5.0309'}
2025-10-21 15:26:27,185 - {'Epoch': 24, 'HR@5': '0.0661', 'NDCG@5': '0.0441', 'HR@10': '0.1018', 'NDCG@10': '0.0556', 'HR@20': '0.1541', 'NDCG@20': '0.0688'}
2025-10-21 15:26:27,186 - EarlyStopping counter: 1 out of 10
2025-10-21 15:26:32,385 - {'epoch': 25, 'rec_loss': '5.0138'}
2025-10-21 15:26:32,791 - {'Epoch': 25, 'HR@5': '0.0651', 'NDCG@5': '0.0449', 'HR@10': '0.0954', 'NDCG@10': '0.0547', 'HR@20': '0.1514', 'NDCG@20': '0.0687'}
2025-10-21 15:26:32,793 - EarlyStopping counter: 2 out of 10
2025-10-21 15:26:38,025 - {'epoch': 26, 'rec_loss': '4.9921'}
2025-10-21 15:26:38,446 - {'Epoch': 26, 'HR@5': '0.0688', 'NDCG@5': '0.0446', 'HR@10': '0.1028', 'NDCG@10': '0.0555', 'HR@20': '0.1578', 'NDCG@20': '0.0690'}
2025-10-21 15:26:38,447 - EarlyStopping counter: 3 out of 10
2025-10-21 15:26:43,356 - {'epoch': 27, 'rec_loss': '4.9716'}
2025-10-21 15:26:43,777 - {'Epoch': 27, 'HR@5': '0.0706', 'NDCG@5': '0.0506', 'HR@10': '0.1073', 'NDCG@10': '0.0623', 'HR@20': '0.1578', 'NDCG@20': '0.0749'}
2025-10-21 15:26:43,778 - Validation score increased.  Saving model ...
2025-10-21 15:26:48,583 - {'epoch': 28, 'rec_loss': '4.9541'}
2025-10-21 15:26:49,051 - {'Epoch': 28, 'HR@5': '0.0706', 'NDCG@5': '0.0485', 'HR@10': '0.1092', 'NDCG@10': '0.0608', 'HR@20': '0.1523', 'NDCG@20': '0.0718'}
2025-10-21 15:26:49,052 - EarlyStopping counter: 1 out of 10
2025-10-21 15:26:54,022 - {'epoch': 29, 'rec_loss': '4.9310'}
2025-10-21 15:26:54,441 - {'Epoch': 29, 'HR@5': '0.0716', 'NDCG@5': '0.0475', 'HR@10': '0.0982', 'NDCG@10': '0.0560', 'HR@20': '0.1569', 'NDCG@20': '0.0707'}
2025-10-21 15:26:54,442 - EarlyStopping counter: 2 out of 10
2025-10-21 15:26:59,430 - {'epoch': 30, 'rec_loss': '4.9139'}
2025-10-21 15:26:59,884 - {'Epoch': 30, 'HR@5': '0.0651', 'NDCG@5': '0.0434', 'HR@10': '0.1028', 'NDCG@10': '0.0557', 'HR@20': '0.1560', 'NDCG@20': '0.0688'}
2025-10-21 15:26:59,886 - EarlyStopping counter: 3 out of 10
2025-10-21 15:27:04,727 - {'epoch': 31, 'rec_loss': '4.9007'}
2025-10-21 15:27:05,188 - {'Epoch': 31, 'HR@5': '0.0688', 'NDCG@5': '0.0462', 'HR@10': '0.1000', 'NDCG@10': '0.0563', 'HR@20': '0.1523', 'NDCG@20': '0.0693'}
2025-10-21 15:27:05,190 - EarlyStopping counter: 4 out of 10
2025-10-21 15:27:10,052 - {'epoch': 32, 'rec_loss': '4.8830'}
2025-10-21 15:27:10,506 - {'Epoch': 32, 'HR@5': '0.0688', 'NDCG@5': '0.0467', 'HR@10': '0.1028', 'NDCG@10': '0.0576', 'HR@20': '0.1514', 'NDCG@20': '0.0699'}
2025-10-21 15:27:10,507 - EarlyStopping counter: 5 out of 10
2025-10-21 15:27:15,266 - {'epoch': 33, 'rec_loss': '4.8605'}
2025-10-21 15:27:15,681 - {'Epoch': 33, 'HR@5': '0.0716', 'NDCG@5': '0.0483', 'HR@10': '0.1046', 'NDCG@10': '0.0589', 'HR@20': '0.1477', 'NDCG@20': '0.0697'}
2025-10-21 15:27:15,682 - EarlyStopping counter: 6 out of 10
2025-10-21 15:27:21,252 - {'epoch': 34, 'rec_loss': '4.8507'}
2025-10-21 15:27:21,663 - {'Epoch': 34, 'HR@5': '0.0688', 'NDCG@5': '0.0468', 'HR@10': '0.1000', 'NDCG@10': '0.0568', 'HR@20': '0.1541', 'NDCG@20': '0.0703'}
2025-10-21 15:27:21,664 - EarlyStopping counter: 7 out of 10
2025-10-21 15:27:26,218 - {'epoch': 35, 'rec_loss': '4.8446'}
2025-10-21 15:27:26,680 - {'Epoch': 35, 'HR@5': '0.0706', 'NDCG@5': '0.0455', 'HR@10': '0.1037', 'NDCG@10': '0.0560', 'HR@20': '0.1569', 'NDCG@20': '0.0694'}
2025-10-21 15:27:26,681 - EarlyStopping counter: 8 out of 10
2025-10-21 15:27:31,771 - {'epoch': 36, 'rec_loss': '4.8256'}
2025-10-21 15:27:32,165 - {'Epoch': 36, 'HR@5': '0.0642', 'NDCG@5': '0.0433', 'HR@10': '0.1073', 'NDCG@10': '0.0570', 'HR@20': '0.1505', 'NDCG@20': '0.0678'}
2025-10-21 15:27:32,166 - EarlyStopping counter: 9 out of 10
2025-10-21 15:27:37,584 - {'epoch': 37, 'rec_loss': '4.8137'}
2025-10-21 15:27:38,033 - {'Epoch': 37, 'HR@5': '0.0642', 'NDCG@5': '0.0423', 'HR@10': '0.1046', 'NDCG@10': '0.0553', 'HR@20': '0.1550', 'NDCG@20': '0.0681'}
2025-10-21 15:27:38,034 - EarlyStopping counter: 10 out of 10
2025-10-21 15:27:38,034 - Early stopping
2025-10-21 15:27:38,034 - ---------------Test Score---------------
2025-10-21 15:27:38,496 - {'Epoch': 0, 'HR@5': '0.0560', 'NDCG@5': '0.0362', 'HR@10': '0.0881', 'NDCG@10': '0.0465', 'HR@20': '0.1229', 'NDCG@20': '0.0552'}
2025-10-21 15:27:38,497 - lowarec_LastFM_res
2025-10-21 15:27:38,497 - {'Epoch': 0, 'HR@5': '0.0560', 'NDCG@5': '0.0362', 'HR@10': '0.0881', 'NDCG@10': '0.0465', 'HR@20': '0.1229', 'NDCG@20': '0.0552'}
